<!DOCTYPE html>
<html>
<head>
  
<meta http-equiv="Content-Type" content="text/html; charset=UTF-8" />

<script type="text/javascript" src="js/jquery.min.js"></script>
<script type="text/javascript" src="js/jquery.tablesorter.min.js"></script>
<script type="text/javascript" src="js/Chart.min.js"></script>
<script type="text/javascript" src="js/bootstrap.min.js"></script>

<link rel="stylesheet" href="css/bootstrap.min.css" type="text/css"/>
<link rel="stylesheet" href="css/reporting.css" type="text/css"/>
<link rel="stylesheet" href="css/font-awesome.min.css"/>
<link rel="shortcut icon" href="images/favicon.png"/>

<script type="text/javascript">
$(document).ready(function() {
    // this will tell tablesorter to try looking for the data-value attribute
    // if present, it'll sort by that instead
    // otherwise, it'll sort by the text content of the table cell
    $("#tablesorter").tablesorter({
        textAttribute: 'data-value',
        // ignores the first row of the header, the 'scenario', 'steps', since
        // sorting those doesn't make sense
        selectorHeaders: '> thead tr:not(.dont-sort) th',
        // use a stable sort
        sortStable: true
    });
});
</script>












  
<title>Cucumber-JVM Reports  - Feature: Verify the user search for Customer Keyword/SKU Search</title>

</head>
<body>

<nav class="navbar navbar-default navbar-fixed-top" id="navigation">
  <div class="container-fluid">
    <div class="collapse navbar-collapse">
      <p class="navbar-text navbar-left">Cucumber-JVM Report</p>
      <ul class="nav navbar-nav navbar-right">
                <li role="presentation" ><a href="feature-overview.html">Features</a></li>
        <li role="presentation" ><a href="tag-overview.html">Tags</a></li>
        <li role="presentation" ><a href="step-overview.html">Steps</a></li>
        <li role="presentation" ><a href="failures-overview.html">Failures</a></li>
      </ul>
    </div>
  </div>
</nav>

<div class="container-fluid" id="build-info">
  <div class="row">
    <div class="col-md-6 col-md-offset-1">
      <table class="table table-bordered">
        <thead>
          <tr>
            <th>Project</th>
                          <th>Number</th>
                        <th>Date</th>
          </tr>
        </thead>
        <tbody>
          <tr class="info">
            <td>cucumber-jvm-example</td>
                          <td>42</td>
                        <td>17 Jul 2018, 18:15</td>
          </tr>
        </tbody>
      </table>
    </div>
  </div>
</div>

<div id="report-lead" class="container-fluid>
  <div class="row">
    <div class="col-md-10 col-md-offset-1">
      <h2>Feature Report</h2>
          </div>
  </div>
</div>

<div class="container-fluid" id="summary">
  <div class="row">
    <div class="col-md-10 col-md-offset-1">
      <table class="stats-table">

        <thead>
  <tr class="header dont-sort">
        <th></th>
    <th colspan="3">Scenarios</th>
    <th colspan="6">Steps</th>
    <th colspan="2">Totals</th>
  </tr>
  <tr>
    <th>Feature</th>
        <th class="passed">Passed</th>
    <th class="failed">Failed</th>
    <th class="total">Total</th>
    <th class="passed">Passed</th>
    <th class="failed">Failed</th>
    <th class="skipped">Skipped</th>
    <th class="pending">Pending</th>
    <th class="undefined">Undefined</th>
    <th class="total">Total</th>
    <th>Duration</th>
    <th>Status</th>
  </tr>
</thead>

        <tbody>
        <tr>
          <td class="tagname">Verify the user search for Customer Keyword/SKU Search</td>
                    <td  class="passed"    >1</td>
          <td  class="failed"    >1</td>
          <td class="total">2</td>
          <td      class="passed"    >10</td>
          <td      class="failed"    >1</td>
          <td     class="skipped"   >2</td>
          <td >0</td>
          <td >0</td>
          <td class="total">13</td>
          <td class="duration" data-value="117233162335">1m 57s 233ms</td>
          <td class="failed">Failed</td>
        </tr>
        </tbody>

      </table>
    </div>
  </div>
</div>



<div class="container-fluid" id="report">
  <div class="row">
    <div class="col-md-10 col-md-offset-1">
      <div class="feature">
        
<div class="tags indention">
  </div>

        
<div class="brief failed">
  <span class="keyword indention">Feature</span>
  <span class="name">Verify the user search for Customer Keyword/SKU Search</span>
  

  </div>

        <div class="description indention"></div>

        <div class="elements inner-level">
                      
<div class="element">
  
  
<div class="tags indention">
       <a href="Regression.html">@Regression</a>
       <a href="Web.html">@Web</a>
       <a href="All.html">@All</a>
       <a href="KER-3267.html">@KER-3267</a>
       <a href="ZYP-6329.html">@ZYP-6329</a>
  </div>


    <span data-toggle="collapse" class=" collapsable-control" data-target="#element-1">
    
<div class="brief failed">
  <span class="keyword indention">Scenario</span>
  <span class="name">Verify the user search for Customer Keyword/SKU Search</span>
  

       <i class="chevron fa fa-fw"></i>
  </div>

  </span>
  <div class="description indention"></div>

  <div id="element-1" class="collapse collapsable-details  in ">
    
  <div class="inner-level hooks-before">
        <div data-toggle="collapse" class=" collapsed  collapsable-control" data-target="#before-2">
      
<div class="brief passed">
  <span class="keyword indention">Hooks</span>
  <span class="name"></span>
  

       <i class="chevron fa fa-fw"></i>
  </div>

    </div>

    <div id="before-2" class="inner-level collapse collapsable-details ">
              <div class="hook">
          <div class="brief passed">
            <span class="keyword indention">Before</span>
                          <span class="location name">Hooks.BeforeSteps(Scenario)</span>
                        
  <span class="lead-duration duration">001ms</span>

          </div>

                      

          
          

        </div>
          </div>
  </div>


    
<div class="steps inner-level">
    <div data-toggle="collapse" class=" collapsable-control" data-target="#steps-3">
    
<div class="brief failed">
  <span class="keyword indention">Steps</span>
  <span class="name"></span>
  

       <i class="chevron fa fa-fw"></i>
  </div>

  </div>

  <div id="steps-3" class="inner-level collapse collapsable-details  in ">
          <div class="step">
        
<div class="brief passed">
  <span class="keyword indention">Given</span>
  <span class="name">user launches the browser and navigates to "ASO_HOME" page</span>
  
  <span class="lead-duration duration">30s 924ms</span>

  </div>

        


        
        

        

        

      </div>
          <div class="step">
        
<div class="brief passed">
  <span class="keyword indention">Then</span>
  <span class="name">User should be able to see Search Box on Homepage</span>
  
  <span class="lead-duration duration">121ms</span>

  </div>

        


        
        

        

        

      </div>
          <div class="step">
        
<div class="brief passed">
  <span class="keyword indention">Then</span>
  <span class="name">User enter the SKU search "<data>"</span>
  
  <span class="lead-duration duration">225ms</span>

  </div>

        


        
        

        

        

      </div>
          <div class="step">
        
<div class="brief passed">
  <span class="keyword indention">And</span>
  <span class="name">User click on search icon</span>
  
  <span class="lead-duration duration">2s 233ms</span>

  </div>

        


        
        

        

        

      </div>
          <div class="step">
        
<div class="brief failed">
  <span class="keyword indention">Then</span>
  <span class="name">User is navigated to pdp page</span>
  
  <span class="lead-duration duration">55s 360ms</span>

  </div>

        

  <div class="inner-level">
    <div class="message indention">
      <div data-toggle="collapse" class="collapsable-control" data-target="#msg-4">
          <a>Error message</a>
      </div>
      <div id="msg-4" class="collapse collapsable-details">
        <pre>org.openqa.selenium.TimeoutException: Expected condition failed: waiting for visibility of Proxy element for: DefaultElementLocator 'By.xpath: //h1' (tried for 55 second(s) with 500 milliseconds interval)
	at org.openqa.selenium.support.ui.WebDriverWait.timeoutException(WebDriverWait.java:81)
	at org.openqa.selenium.support.ui.FluentWait.until(FluentWait.java:271)
	at com.aso.qe.framework.common.CommonActionHelper.waitForElement(CommonActionHelper.java:75)
	at com.aso.qe.framework.common.CommonActionHelper.isDisplayed(CommonActionHelper.java:440)
	at com.aso.qe.test.pageobject.GlobalElementHeader_HomePO.verifyThePDPPage(GlobalElementHeader_HomePO.java:810)
	at com.aso.qe.test.stepdefinition.web.R1SP1_KER_3964_Web_SD.User_is_navigated_to_pdp_page(R1SP1_KER_3964_Web_SD.java:64)
	at âœ½.Then User is navigated to pdp page(R1SP1_KER_3267_Web.feature:10)
Caused by: org.openqa.selenium.NoSuchElementException: no such element: Unable to locate element: {"method":"xpath","selector":"//h1"}
  (Session info: chrome=67.0.3396.99)
  (Driver info: chromedriver=2.36.540470 (e522d04694c7ebea4ba8821272dbef4f9b818c91),platform=Windows NT 10.0.15063 x86_64) (WARNING: The server did not provide any stacktrace information)
Command duration or timeout: 0 milliseconds
For documentation on this error, please visit: http://seleniumhq.org/exceptions/no_such_element.html
Build info: version: '3.11.0', revision: 'e59cfb3', time: '2018-03-11T20:26:55.152Z'
System info: host: 'WKWIN2651781', ip: '10.150.236.21', os.name: 'Windows 10', os.arch: 'amd64', os.version: '10.0', java.version: '1.8.0_172'
Driver info: org.openqa.selenium.chrome.ChromeDriver
Capabilities {acceptInsecureCerts: false, acceptSslCerts: false, applicationCacheEnabled: false, browserConnectionEnabled: false, browserName: chrome, chrome: {chromedriverVersion: 2.36.540470 (e522d04694c7eb..., userDataDir: C:\Users\dankumar\AppData\L...}, cssSelectorsEnabled: true, databaseEnabled: false, handlesAlerts: true, hasTouchScreen: false, javascriptEnabled: true, locationContextEnabled: true, mobileEmulationEnabled: false, nativeEvents: true, networkConnectionEnabled: false, pageLoadStrategy: normal, platform: XP, platformName: XP, rotatable: false, setWindowRect: true, takesHeapSnapshot: true, takesScreenshot: true, unexpectedAlertBehaviour: , unhandledPromptBehavior: , version: 67.0.3396.99, webStorageEnabled: true}
Session ID: 99b7bf21160eb6f7670f8e3f8299edaa
*** Element info: {Using=xpath, value=//h1}
	at sun.reflect.GeneratedConstructorAccessor40.newInstance(Unknown Source)
	at sun.reflect.DelegatingConstructorAccessorImpl.newInstance(DelegatingConstructorAccessorImpl.java:45)
	at java.lang.reflect.Constructor.newInstance(Constructor.java:423)
	at org.openqa.selenium.remote.ErrorHandler.createThrowable(ErrorHandler.java:214)
	at org.openqa.selenium.remote.ErrorHandler.throwIfResponseFailed(ErrorHandler.java:166)
	at org.openqa.selenium.remote.http.JsonHttpResponseCodec.reconstructValue(JsonHttpResponseCodec.java:40)
	at org.openqa.selenium.remote.http.AbstractHttpResponseCodec.decode(AbstractHttpResponseCodec.java:80)
	at org.openqa.selenium.remote.http.AbstractHttpResponseCodec.decode(AbstractHttpResponseCodec.java:44)
	at org.openqa.selenium.remote.HttpCommandExecutor.execute(HttpCommandExecutor.java:158)
	at org.openqa.selenium.remote.service.DriverCommandExecutor.execute(DriverCommandExecutor.java:83)
	at org.openqa.selenium.remote.RemoteWebDriver.execute(RemoteWebDriver.java:545)
	at org.openqa.selenium.remote.RemoteWebDriver.findElement(RemoteWebDriver.java:319)
	at org.openqa.selenium.remote.RemoteWebDriver.findElementByXPath(RemoteWebDriver.java:421)
	at org.openqa.selenium.By$ByXPath.findElement(By.java:361)
	at org.openqa.selenium.remote.RemoteWebDriver.findElement(RemoteWebDriver.java:311)
	at org.openqa.selenium.support.pagefactory.DefaultElementLocator.findElement(DefaultElementLocator.java:69)
	at org.openqa.selenium.support.pagefactory.internal.LocatingElementHandler.invoke(LocatingElementHandler.java:38)
	at com.sun.proxy.$Proxy36.isDisplayed(Unknown Source)
	at org.openqa.selenium.support.ui.ExpectedConditions.elementIfVisible(ExpectedConditions.java:315)
	at org.openqa.selenium.support.ui.ExpectedConditions.access$100(ExpectedConditions.java:44)
	at org.openqa.selenium.support.ui.ExpectedConditions$10.apply(ExpectedConditions.java:301)
	at org.openqa.selenium.support.ui.ExpectedConditions$10.apply(ExpectedConditions.java:298)
	at org.openqa.selenium.support.ui.FluentWait.until(FluentWait.java:248)
	at com.aso.qe.framework.common.CommonActionHelper.waitForElement(CommonActionHelper.java:75)
	at com.aso.qe.framework.common.CommonActionHelper.isDisplayed(CommonActionHelper.java:440)
	at com.aso.qe.test.pageobject.GlobalElementHeader_HomePO.verifyThePDPPage(GlobalElementHeader_HomePO.java:810)
	at com.aso.qe.test.stepdefinition.web.R1SP1_KER_3964_Web_SD.User_is_navigated_to_pdp_page(R1SP1_KER_3964_Web_SD.java:64)
	at sun.reflect.NativeMethodAccessorImpl.invoke0(Native Method)
	at sun.reflect.NativeMethodAccessorImpl.invoke(NativeMethodAccessorImpl.java:62)
	at sun.reflect.DelegatingMethodAccessorImpl.invoke(DelegatingMethodAccessorImpl.java:43)
	at java.lang.reflect.Method.invoke(Method.java:498)
	at cucumber.runtime.Utils$1.call(Utils.java:37)
	at cucumber.runtime.Timeout.timeout(Timeout.java:13)
	at cucumber.runtime.Utils.invoke(Utils.java:31)
	at cucumber.runtime.java.JavaStepDefinition.execute(JavaStepDefinition.java:37)
	at cucumber.runtime.StepDefinitionMatch.runStep(StepDefinitionMatch.java:37)
	at cucumber.runtime.Runtime.runStep(Runtime.java:298)
	at cucumber.runtime.model.StepContainer.runStep(StepContainer.java:44)
	at cucumber.runtime.model.StepContainer.runSteps(StepContainer.java:39)
	at cucumber.runtime.model.CucumberScenario.run(CucumberScenario.java:48)
	at cucumber.runtime.junit.ExecutionUnitRunner.run(ExecutionUnitRunner.java:91)
	at cucumber.runtime.junit.FeatureRunner.runChild(FeatureRunner.java:63)
	at cucumber.runtime.junit.FeatureRunner.runChild(FeatureRunner.java:18)
	at org.junit.runners.ParentRunner$3.run(ParentRunner.java:238)
	at org.junit.runners.ParentRunner$1.schedule(ParentRunner.java:63)
	at org.junit.runners.ParentRunner.runChildren(ParentRunner.java:236)
	at org.junit.runners.ParentRunner.access$000(ParentRunner.java:53)
	at org.junit.runners.ParentRunner$2.evaluate(ParentRunner.java:229)
	at org.junit.runners.ParentRunner.run(ParentRunner.java:309)
	at cucumber.runtime.junit.FeatureRunner.run(FeatureRunner.java:70)
	at cucumber.api.junit.Cucumber.runChild(Cucumber.java:93)
	at cucumber.api.junit.Cucumber.runChild(Cucumber.java:37)
	at org.junit.runners.ParentRunner$3.run(ParentRunner.java:238)
	at org.junit.runners.ParentRunner$1.schedule(ParentRunner.java:63)
	at org.junit.runners.ParentRunner.runChildren(ParentRunner.java:236)
	at org.junit.runners.ParentRunner.access$000(ParentRunner.java:53)
	at org.junit.runners.ParentRunner$2.evaluate(ParentRunner.java:229)
	at org.junit.runners.ParentRunner.run(ParentRunner.java:309)
	at cucumber.api.junit.Cucumber.run(Cucumber.java:98)
	at org.junit.runner.JUnitCore.run(JUnitCore.java:160)
	at org.junit.runner.JUnitCore.run(JUnitCore.java:138)
	at org.testng.junit.JUnit4TestRunner.start(JUnit4TestRunner.java:82)
	at org.testng.junit.JUnit4TestRunner.run(JUnit4TestRunner.java:70)
	at org.testng.TestRunner$1.run(TestRunner.java:675)
	at org.testng.TestRunner.runJUnitWorkers(TestRunner.java:975)
	at org.testng.TestRunner.privateRunJUnit(TestRunner.java:706)
	at org.testng.TestRunner.run(TestRunner.java:607)
	at org.testng.SuiteRunner.runTest(SuiteRunner.java:387)
	at org.testng.SuiteRunner.runSequentially(SuiteRunner.java:382)
	at org.testng.SuiteRunner.privateRun(SuiteRunner.java:340)
	at org.testng.SuiteRunner.run(SuiteRunner.java:289)
	at org.testng.SuiteRunnerWorker.runSuite(SuiteRunnerWorker.java:52)
	at org.testng.SuiteRunnerWorker.run(SuiteRunnerWorker.java:86)
	at org.testng.TestNG.runSuitesSequentially(TestNG.java:1293)
	at org.testng.TestNG.runSuitesLocally(TestNG.java:1218)
	at org.testng.TestNG.runSuites(TestNG.java:1133)
	at org.testng.TestNG.run(TestNG.java:1104)
	at org.apache.maven.surefire.testng.TestNGExecutor.run(TestNGExecutor.java:135)
	at org.apache.maven.surefire.testng.TestNGDirectoryTestSuite.executeSingleClass(TestNGDirectoryTestSuite.java:112)
	at org.apache.maven.surefire.testng.TestNGDirectoryTestSuite.execute(TestNGDirectoryTestSuite.java:99)
	at org.apache.maven.surefire.testng.TestNGProvider.invoke(TestNGProvider.java:146)
	at sun.reflect.NativeMethodAccessorImpl.invoke0(Native Method)
	at sun.reflect.NativeMethodAccessorImpl.invoke(NativeMethodAccessorImpl.java:62)
	at sun.reflect.DelegatingMethodAccessorImpl.invoke(DelegatingMethodAccessorImpl.java:43)
	at java.lang.reflect.Method.invoke(Method.java:498)
	at org.apache.maven.surefire.util.ReflectionUtils.invokeMethodWithArray2(ReflectionUtils.java:202)
	at org.apache.maven.surefire.booter.ProviderFactory$ProviderProxy.invoke(ProviderFactory.java:158)
	at org.apache.maven.surefire.booter.ProviderFactory.invokeProvider(ProviderFactory.java:81)
	at org.apache.maven.plugin.surefire.InPluginVMSurefireStarter.runSuitesInProcess(InPluginVMSurefireStarter.java:84)
	at org.apache.maven.plugin.surefire.AbstractSurefireMojo.executeProvider(AbstractSurefireMojo.java:1060)
	at org.apache.maven.plugin.surefire.AbstractSurefireMojo.executeAfterPreconditionsChecked(AbstractSurefireMojo.java:907)
	at org.apache.maven.plugin.surefire.AbstractSurefireMojo.execute(AbstractSurefireMojo.java:785)
	at org.apache.maven.plugin.DefaultBuildPluginManager.executeMojo(DefaultBuildPluginManager.java:134)
	at org.apache.maven.lifecycle.internal.MojoExecutor.execute(MojoExecutor.java:208)
	at org.apache.maven.lifecycle.internal.MojoExecutor.execute(MojoExecutor.java:153)
	at org.apache.maven.lifecycle.internal.MojoExecutor.execute(MojoExecutor.java:145)
	at org.apache.maven.lifecycle.internal.LifecycleModuleBuilder.buildProject(LifecycleModuleBuilder.java:116)
	at org.apache.maven.lifecycle.internal.LifecycleModuleBuilder.buildProject(LifecycleModuleBuilder.java:80)
	at org.apache.maven.lifecycle.internal.builder.singlethreaded.SingleThreadedBuilder.build(SingleThreadedBuilder.java:51)
	at org.apache.maven.lifecycle.internal.LifecycleStarter.execute(LifecycleStarter.java:128)
	at org.apache.maven.DefaultMaven.doExecute(DefaultMaven.java:307)
	at org.apache.maven.DefaultMaven.doExecute(DefaultMaven.java:193)
	at org.apache.maven.DefaultMaven.execute(DefaultMaven.java:106)
	at org.apache.maven.cli.MavenCli.execute(MavenCli.java:862)
	at org.apache.maven.cli.MavenCli.doMain(MavenCli.java:286)
	at org.apache.maven.cli.MavenCli.main(MavenCli.java:197)
	at sun.reflect.NativeMethodAccessorImpl.invoke0(Native Method)
	at sun.reflect.NativeMethodAccessorImpl.invoke(NativeMethodAccessorImpl.java:62)
	at sun.reflect.DelegatingMethodAccessorImpl.invoke(DelegatingMethodAccessorImpl.java:43)
	at java.lang.reflect.Method.invoke(Method.java:498)
	at org.codehaus.plexus.classworlds.launcher.Launcher.launchEnhanced(Launcher.java:289)
	at org.codehaus.plexus.classworlds.launcher.Launcher.launch(Launcher.java:229)
	at org.codehaus.plexus.classworlds.launcher.Launcher.mainWithExitCode(Launcher.java:415)
	at org.codehaus.plexus.classworlds.launcher.Launcher.main(Launcher.java:356)
</pre>
      </div>
    </div>
  </div>


        
        

        

        

      </div>
          <div class="step">
        
<div class="brief skipped">
  <span class="keyword indention">And</span>
  <span class="name">user verifies the entered SKU id</span>
  
  <span class="lead-duration duration">000ms</span>

  </div>

        


        
        

        

        

      </div>
          <div class="step">
        
<div class="brief skipped">
  <span class="keyword indention">Then</span>
  <span class="name">User closes the web application</span>
  
  <span class="lead-duration duration">000ms</span>

  </div>

        


        
        

        

        
  <div class="embeddings inner-level">
                <div class="embedding indention">
    <div data-toggle="collapse" data-target="#embedding_embedding_-876201403" class="collapsable-control">
      <a>Attachment 1 (png)</a>
      <a href="embeddings/embedding_-876201403.png" target="_blank"><span class="download-button glyphicon glyphicon-download-alt"></span></a>
    </div>
    <div id="embedding_embedding_-876201403" class="collapse collapsable-detail">
      <span class="embedding-content"><img src="embeddings/embedding_-876201403.png"></span>
    </div>
  </div>
        </div>

      </div>
      </div>
</div>


    
  <div class="inner-level hooks-after">
        <div data-toggle="collapse" class=" collapsed  collapsable-control" data-target="#after-5">
      
<div class="brief passed">
  <span class="keyword indention">Hooks</span>
  <span class="name"></span>
  

       <i class="chevron fa fa-fw"></i>
  </div>

    </div>

    <div id="after-5" class="inner-level collapse collapsable-details ">
              <div class="hook">
          <div class="brief passed">
            <span class="keyword indention">After</span>
                          <span class="location name">Hooks.AfterSteps()</span>
                        
  <span class="lead-duration duration">1s 318ms</span>

          </div>

                      

          
          

        </div>
          </div>
  </div>

  </div>
</div>

                      
<div class="element">
  
  
<div class="tags indention">
       <a href="Regression.html">@Regression</a>
       <a href="Web.html">@Web</a>
       <a href="All.html">@All</a>
       <a href="KER-3267.html">@KER-3267</a>
       <a href="ZYP-6333.html">@ZYP-6333</a>
  </div>


    <span data-toggle="collapse" class=" collapsed  collapsable-control" data-target="#element-6">
    
<div class="brief passed">
  <span class="keyword indention">Scenario</span>
  <span class="name">Verify the user search for invalid Customer Keyword/SKU Search</span>
  

       <i class="chevron fa fa-fw"></i>
  </div>

  </span>
  <div class="description indention"></div>

  <div id="element-6" class="collapse collapsable-details ">
    
  <div class="inner-level hooks-before">
        <div data-toggle="collapse" class=" collapsed  collapsable-control" data-target="#before-7">
      
<div class="brief passed">
  <span class="keyword indention">Hooks</span>
  <span class="name"></span>
  

       <i class="chevron fa fa-fw"></i>
  </div>

    </div>

    <div id="before-7" class="inner-level collapse collapsable-details ">
              <div class="hook">
          <div class="brief passed">
            <span class="keyword indention">Before</span>
                          <span class="location name">Hooks.BeforeSteps(Scenario)</span>
                        
  <span class="lead-duration duration">007ms</span>

          </div>

                      

          
          

        </div>
          </div>
  </div>


    
<div class="steps inner-level">
    <div data-toggle="collapse" class=" collapsed  collapsable-control" data-target="#steps-8">
    
<div class="brief passed">
  <span class="keyword indention">Steps</span>
  <span class="name"></span>
  

       <i class="chevron fa fa-fw"></i>
  </div>

  </div>

  <div id="steps-8" class="inner-level collapse collapsable-details ">
          <div class="step">
        
<div class="brief passed">
  <span class="keyword indention">Given</span>
  <span class="name">user launches the browser and navigates to "ASO_HOME" page</span>
  
  <span class="lead-duration duration">25s 295ms</span>

  </div>

        


        
        

        

        

      </div>
          <div class="step">
        
<div class="brief passed">
  <span class="keyword indention">Then</span>
  <span class="name">User should be able to see Search Box on Homepage</span>
  
  <span class="lead-duration duration">131ms</span>

  </div>

        


        
        

        

        

      </div>
          <div class="step">
        
<div class="brief passed">
  <span class="keyword indention">Then</span>
  <span class="name">User enter the invalid SKU search "<data>"</span>
  
  <span class="lead-duration duration">144ms</span>

  </div>

        


        
        

        

        

      </div>
          <div class="step">
        
<div class="brief passed">
  <span class="keyword indention">And</span>
  <span class="name">User click on search icon</span>
  
  <span class="lead-duration duration">2s 010ms</span>

  </div>

        


        
        

        

        

      </div>
          <div class="step">
        
<div class="brief passed">
  <span class="keyword indention">Then</span>
  <span class="name">user verifies the error null search result page</span>
  
  <span class="lead-duration duration">098ms</span>

  </div>

        


        
        

        

        

      </div>
          <div class="step">
        
<div class="brief passed">
  <span class="keyword indention">Then</span>
  <span class="name">User closes the web application</span>
  
  <span class="lead-duration duration">687ms</span>

  </div>

        


        
        

        

        

      </div>
      </div>
</div>


    
  <div class="inner-level hooks-after">
        <div data-toggle="collapse" class=" collapsed  collapsable-control" data-target="#after-9">
      
<div class="brief passed">
  <span class="keyword indention">Hooks</span>
  <span class="name"></span>
  

       <i class="chevron fa fa-fw"></i>
  </div>

    </div>

    <div id="after-9" class="inner-level collapse collapsable-details ">
              <div class="hook">
          <div class="brief passed">
            <span class="keyword indention">After</span>
                          <span class="location name">Hooks.AfterSteps()</span>
                        
  <span class="lead-duration duration">009ms</span>

          </div>

                      

          
          

        </div>
          </div>
  </div>

  </div>
</div>

                  </div>

      </div>
    </div>
  </div>
</div>
<br>

<nav class="navbar navbar-default" id="footer">
  <div class="container-fluid">
    <p class="navbar-text navbar-right">
        <small>generate Cucumber HTML reports via:&nbsp;</small>
        <a class="navbar-link" href="https://github.com/jenkinsci/cucumber-reports-plugin">Jenkins Plugin</a> |
        <a class="navbar-link" href="https://github.com/damianszczepanik/cucumber-reporting">Standalone</a> |
        <a class="navbar-link" href="https://github.com/damianszczepanik/cucumber-sandwich">Sandwich</a> |
        <a class="navbar-link" href="https://github.com/damianszczepanik/maven-cucumber-reporting">Maven</a>
        &nbsp;&nbsp;
    </p>
  </div>
</nav>

</body>
</html>
